mode: set
dall06/go-cleanapi/config/config.go:41.35,43.2 1 1
dall06/go-cleanapi/config/config.go:45.36,46.36 1 1
dall06/go-cleanapi/config/config.go:46.36,48.3 1 0
dall06/go-cleanapi/config/config.go:50.2,56.16 5 1
dall06/go-cleanapi/config/config.go:56.16,58.3 1 0
dall06/go-cleanapi/config/config.go:59.2,61.12 2 1
dall06/go-cleanapi/config/config.go:64.34,66.16 2 1
dall06/go-cleanapi/config/config.go:66.16,68.3 1 0
dall06/go-cleanapi/config/config.go:69.2,74.16 4 1
dall06/go-cleanapi/config/config.go:74.16,76.3 1 0
dall06/go-cleanapi/config/config.go:78.2,78.12 1 1
dall06/go-cleanapi/config/config.go:82.51,84.16 2 1
dall06/go-cleanapi/config/config.go:84.16,86.3 1 0
dall06/go-cleanapi/config/config.go:88.2,88.77 1 1
dall06/go-cleanapi/config/config.go:88.77,89.66 1 1
dall06/go-cleanapi/config/config.go:89.66,91.4 1 1
dall06/go-cleanapi/config/config.go:91.9,91.33 1 1
dall06/go-cleanapi/config/config.go:91.33,93.4 1 0
dall06/go-cleanapi/config/config.go:96.2,96.64 1 0
dall06/go-cleanapi/config/config.go:99.45,102.16 3 1
dall06/go-cleanapi/config/config.go:102.16,104.3 1 0
dall06/go-cleanapi/config/config.go:107.2,110.20 4 1
dall06/go-cleanapi/pkg/internal/repository/repository.go:23.43,27.2 1 1
dall06/go-cleanapi/pkg/internal/repository/repository.go:29.56,30.17 1 1
dall06/go-cleanapi/pkg/internal/repository/repository.go:30.17,32.3 1 1
dall06/go-cleanapi/pkg/internal/repository/repository.go:33.2,33.19 1 1
dall06/go-cleanapi/pkg/internal/repository/repository.go:33.19,35.3 1 1
dall06/go-cleanapi/pkg/internal/repository/repository.go:36.2,36.22 1 1
dall06/go-cleanapi/pkg/internal/repository/repository.go:36.22,38.3 1 1
dall06/go-cleanapi/pkg/internal/repository/repository.go:39.2,39.25 1 1
dall06/go-cleanapi/pkg/internal/repository/repository.go:39.25,41.3 1 1
dall06/go-cleanapi/pkg/internal/repository/repository.go:44.2,49.16 2 1
dall06/go-cleanapi/pkg/internal/repository/repository.go:49.16,51.3 1 0
dall06/go-cleanapi/pkg/internal/repository/repository.go:53.2,54.16 2 1
dall06/go-cleanapi/pkg/internal/repository/repository.go:54.16,56.3 1 0
dall06/go-cleanapi/pkg/internal/repository/repository.go:58.2,58.17 1 1
dall06/go-cleanapi/pkg/internal/repository/repository.go:58.17,60.3 1 0
dall06/go-cleanapi/pkg/internal/repository/repository.go:62.2,62.12 1 1
dall06/go-cleanapi/pkg/internal/repository/repository.go:65.71,66.17 1 1
dall06/go-cleanapi/pkg/internal/repository/repository.go:66.17,68.3 1 1
dall06/go-cleanapi/pkg/internal/repository/repository.go:69.2,69.19 1 1
dall06/go-cleanapi/pkg/internal/repository/repository.go:69.19,71.3 1 1
dall06/go-cleanapi/pkg/internal/repository/repository.go:73.2,79.26 3 1
dall06/go-cleanapi/pkg/internal/repository/repository.go:79.26,82.3 1 0
dall06/go-cleanapi/pkg/internal/repository/repository.go:83.2,83.16 1 1
dall06/go-cleanapi/pkg/internal/repository/repository.go:83.16,85.3 1 1
dall06/go-cleanapi/pkg/internal/repository/repository.go:87.2,87.15 1 1
dall06/go-cleanapi/pkg/internal/repository/repository.go:90.56,92.16 2 1
dall06/go-cleanapi/pkg/internal/repository/repository.go:92.16,94.3 1 0
dall06/go-cleanapi/pkg/internal/repository/repository.go:95.2,99.18 3 1
dall06/go-cleanapi/pkg/internal/repository/repository.go:99.18,106.17 3 1
dall06/go-cleanapi/pkg/internal/repository/repository.go:106.17,108.4 1 0
dall06/go-cleanapi/pkg/internal/repository/repository.go:110.3,110.30 1 1
dall06/go-cleanapi/pkg/internal/repository/repository.go:113.2,113.35 1 1
dall06/go-cleanapi/pkg/internal/repository/repository.go:113.35,115.3 1 0
dall06/go-cleanapi/pkg/internal/repository/repository.go:117.2,117.19 1 1
dall06/go-cleanapi/pkg/internal/repository/repository.go:120.55,121.17 1 1
dall06/go-cleanapi/pkg/internal/repository/repository.go:121.17,123.3 1 1
dall06/go-cleanapi/pkg/internal/repository/repository.go:124.2,124.19 1 1
dall06/go-cleanapi/pkg/internal/repository/repository.go:124.19,126.3 1 1
dall06/go-cleanapi/pkg/internal/repository/repository.go:127.2,127.25 1 1
dall06/go-cleanapi/pkg/internal/repository/repository.go:127.25,129.3 1 1
dall06/go-cleanapi/pkg/internal/repository/repository.go:130.2,130.42 1 1
dall06/go-cleanapi/pkg/internal/repository/repository.go:130.42,132.3 1 1
dall06/go-cleanapi/pkg/internal/repository/repository.go:134.2,139.16 2 1
dall06/go-cleanapi/pkg/internal/repository/repository.go:139.16,141.3 1 1
dall06/go-cleanapi/pkg/internal/repository/repository.go:143.2,144.16 2 1
dall06/go-cleanapi/pkg/internal/repository/repository.go:144.16,146.3 1 0
dall06/go-cleanapi/pkg/internal/repository/repository.go:148.2,148.19 1 1
dall06/go-cleanapi/pkg/internal/repository/repository.go:148.19,150.3 1 0
dall06/go-cleanapi/pkg/internal/repository/repository.go:152.2,152.12 1 1
dall06/go-cleanapi/pkg/internal/repository/repository.go:155.55,156.17 1 1
dall06/go-cleanapi/pkg/internal/repository/repository.go:156.17,158.3 1 1
dall06/go-cleanapi/pkg/internal/repository/repository.go:159.2,159.19 1 1
dall06/go-cleanapi/pkg/internal/repository/repository.go:159.19,161.3 1 1
dall06/go-cleanapi/pkg/internal/repository/repository.go:162.2,162.25 1 1
dall06/go-cleanapi/pkg/internal/repository/repository.go:162.25,164.3 1 1
dall06/go-cleanapi/pkg/internal/repository/repository.go:166.2,167.16 2 1
dall06/go-cleanapi/pkg/internal/repository/repository.go:167.16,169.3 1 1
dall06/go-cleanapi/pkg/internal/repository/repository.go:171.2,172.16 2 1
dall06/go-cleanapi/pkg/internal/repository/repository.go:172.16,174.3 1 0
dall06/go-cleanapi/pkg/internal/repository/repository.go:176.2,176.19 1 1
dall06/go-cleanapi/pkg/internal/repository/repository.go:176.19,178.3 1 0
dall06/go-cleanapi/pkg/internal/repository/repository.go:180.2,180.12 1 1
dall06/go-cleanapi/pkg/infrastructure/database/db.go:20.25,22.2 1 1
dall06/go-cleanapi/pkg/infrastructure/database/db.go:24.38,26.16 2 1
dall06/go-cleanapi/pkg/infrastructure/database/db.go:26.16,28.3 1 0
dall06/go-cleanapi/pkg/infrastructure/database/db.go:30.2,34.17 4 1
dall06/go-cleanapi/pkg/infrastructure/database/db.go:37.38,39.16 2 1
dall06/go-cleanapi/pkg/infrastructure/database/db.go:39.16,41.3 1 0
dall06/go-cleanapi/pkg/infrastructure/database/db.go:43.2,43.12 1 1
dall06/go-cleanapi/utils/jwt.go:31.29,35.2 1 1
dall06/go-cleanapi/utils/jwt.go:37.52,38.14 1 1
dall06/go-cleanapi/utils/jwt.go:38.14,40.3 1 1
dall06/go-cleanapi/utils/jwt.go:42.2,55.16 5 1
dall06/go-cleanapi/utils/jwt.go:55.16,57.3 1 0
dall06/go-cleanapi/utils/jwt.go:59.2,59.25 1 1
dall06/go-cleanapi/utils/jwt.go:62.65,63.24 1 1
dall06/go-cleanapi/utils/jwt.go:63.24,65.3 1 1
dall06/go-cleanapi/utils/jwt.go:67.2,68.106 2 1
dall06/go-cleanapi/utils/jwt.go:68.106,71.10 2 1
dall06/go-cleanapi/utils/jwt.go:71.10,73.4 1 0
dall06/go-cleanapi/utils/jwt.go:75.3,75.24 1 1
dall06/go-cleanapi/utils/jwt.go:77.2,77.16 1 1
dall06/go-cleanapi/utils/jwt.go:77.16,79.3 1 0
dall06/go-cleanapi/utils/jwt.go:81.2,81.18 1 1
dall06/go-cleanapi/utils/jwt.go:81.18,83.3 1 0
dall06/go-cleanapi/utils/jwt.go:85.2,85.19 1 1
dall06/go-cleanapi/utils/logger.go:23.25,27.2 1 1
dall06/go-cleanapi/utils/logger.go:29.37,35.86 5 1
dall06/go-cleanapi/utils/logger.go:35.86,37.17 2 1
dall06/go-cleanapi/utils/logger.go:37.17,39.4 1 0
dall06/go-cleanapi/utils/logger.go:41.3,52.17 3 1
dall06/go-cleanapi/utils/logger.go:52.17,54.4 1 0
dall06/go-cleanapi/utils/logger.go:56.3,56.32 1 1
dall06/go-cleanapi/utils/logger.go:58.2,58.12 1 1
dall06/go-cleanapi/utils/logger.go:61.60,63.2 1 1
dall06/go-cleanapi/utils/logger.go:65.60,67.2 1 1
dall06/go-cleanapi/utils/logger.go:69.61,71.2 1 1
dall06/go-cleanapi/utils/logger.go:73.65,76.54 3 1
dall06/go-cleanapi/utils/logger.go:76.54,78.3 1 0
dall06/go-cleanapi/utils/logger.go:79.2,79.54 1 1
dall06/go-cleanapi/utils/uuid.go:14.40,16.2 1 1
dall06/go-cleanapi/utils/uuid.go:18.38,20.2 1 1
dall06/go-cleanapi/utils/uuid.go:22.39,24.2 1 1
