mode: set
dall06/go-cleanapi/cmd/tools/flags.go:27.23,31.2 1 1
dall06/go-cleanapi/cmd/tools/flags.go:33.49,42.53 4 1
dall06/go-cleanapi/cmd/tools/flags.go:42.53,44.3 1 0
dall06/go-cleanapi/cmd/tools/flags.go:46.2,51.16 2 1
dall06/go-cleanapi/config/config.go:72.43,77.2 1 1
dall06/go-cleanapi/config/config.go:79.45,80.18 1 1
dall06/go-cleanapi/config/config.go:80.18,82.3 1 1
dall06/go-cleanapi/config/config.go:83.2,83.21 1 1
dall06/go-cleanapi/config/config.go:83.21,85.3 1 1
dall06/go-cleanapi/config/config.go:87.2,87.36 1 1
dall06/go-cleanapi/config/config.go:87.36,89.3 1 0
dall06/go-cleanapi/config/config.go:91.2,97.16 5 1
dall06/go-cleanapi/config/config.go:97.16,99.3 1 0
dall06/go-cleanapi/config/config.go:100.2,113.21 11 1
dall06/go-cleanapi/config/config.go:116.34,118.16 2 1
dall06/go-cleanapi/config/config.go:118.16,120.3 1 0
dall06/go-cleanapi/config/config.go:121.2,126.16 4 1
dall06/go-cleanapi/config/config.go:126.16,128.3 1 0
dall06/go-cleanapi/config/config.go:130.2,130.12 1 1
dall06/go-cleanapi/config/config.go:133.51,135.16 2 1
dall06/go-cleanapi/config/config.go:135.16,137.3 1 0
dall06/go-cleanapi/config/config.go:139.2,139.77 1 1
dall06/go-cleanapi/config/config.go:139.77,141.17 2 1
dall06/go-cleanapi/config/config.go:141.17,143.4 1 1
dall06/go-cleanapi/config/config.go:145.3,145.26 1 1
dall06/go-cleanapi/config/config.go:145.26,147.4 1 0
dall06/go-cleanapi/config/config.go:150.2,150.64 1 0
dall06/go-cleanapi/config/config.go:153.45,156.16 3 1
dall06/go-cleanapi/config/config.go:156.16,158.3 1 0
dall06/go-cleanapi/config/config.go:161.2,164.20 4 1
dall06/go-cleanapi/config/config.go:72.43,77.2 1 1
dall06/go-cleanapi/config/config.go:79.45,80.18 1 1
dall06/go-cleanapi/config/config.go:80.18,82.3 1 0
dall06/go-cleanapi/config/config.go:83.2,83.21 1 1
dall06/go-cleanapi/config/config.go:83.21,85.3 1 0
dall06/go-cleanapi/config/config.go:87.2,87.36 1 1
dall06/go-cleanapi/config/config.go:87.36,89.3 1 0
dall06/go-cleanapi/config/config.go:91.2,97.16 5 1
dall06/go-cleanapi/config/config.go:97.16,99.3 1 0
dall06/go-cleanapi/config/config.go:100.2,113.21 11 1
dall06/go-cleanapi/config/config.go:116.34,118.16 2 1
dall06/go-cleanapi/config/config.go:118.16,120.3 1 0
dall06/go-cleanapi/config/config.go:121.2,126.16 4 1
dall06/go-cleanapi/config/config.go:126.16,128.3 1 0
dall06/go-cleanapi/config/config.go:130.2,130.12 1 1
dall06/go-cleanapi/config/config.go:133.51,135.16 2 1
dall06/go-cleanapi/config/config.go:135.16,137.3 1 0
dall06/go-cleanapi/config/config.go:139.2,139.77 1 1
dall06/go-cleanapi/config/config.go:139.77,141.17 2 1
dall06/go-cleanapi/config/config.go:141.17,143.4 1 1
dall06/go-cleanapi/config/config.go:145.3,145.26 1 1
dall06/go-cleanapi/config/config.go:145.26,147.4 1 0
dall06/go-cleanapi/config/config.go:150.2,150.64 1 0
dall06/go-cleanapi/config/config.go:153.45,156.16 3 1
dall06/go-cleanapi/config/config.go:156.16,158.3 1 0
dall06/go-cleanapi/config/config.go:161.2,164.20 4 1
dall06/go-cleanapi/pkg/adapter/controller/controller.go:69.14,78.2 1 1
dall06/go-cleanapi/pkg/adapter/controller/controller.go:88.49,95.47 3 1
dall06/go-cleanapi/pkg/adapter/controller/controller.go:95.47,98.3 2 1
dall06/go-cleanapi/pkg/adapter/controller/controller.go:100.2,101.9 2 1
dall06/go-cleanapi/pkg/adapter/controller/controller.go:102.39,103.29 1 1
dall06/go-cleanapi/pkg/adapter/controller/controller.go:104.39,105.29 1 1
dall06/go-cleanapi/pkg/adapter/controller/controller.go:106.10,107.102 1 1
dall06/go-cleanapi/pkg/adapter/controller/controller.go:109.2,112.16 3 1
dall06/go-cleanapi/pkg/adapter/controller/controller.go:112.16,116.3 2 1
dall06/go-cleanapi/pkg/adapter/controller/controller.go:117.2,117.18 1 1
dall06/go-cleanapi/pkg/adapter/controller/controller.go:117.18,121.3 2 0
dall06/go-cleanapi/pkg/adapter/controller/controller.go:123.2,124.16 2 1
dall06/go-cleanapi/pkg/adapter/controller/controller.go:124.16,128.3 2 0
dall06/go-cleanapi/pkg/adapter/controller/controller.go:131.2,138.76 7 1
dall06/go-cleanapi/pkg/adapter/controller/controller.go:149.49,152.45 2 1
dall06/go-cleanapi/pkg/adapter/controller/controller.go:152.45,155.3 2 1
dall06/go-cleanapi/pkg/adapter/controller/controller.go:157.2,157.47 1 1
dall06/go-cleanapi/pkg/adapter/controller/controller.go:157.47,160.3 2 1
dall06/go-cleanapi/pkg/adapter/controller/controller.go:162.2,169.16 3 1
dall06/go-cleanapi/pkg/adapter/controller/controller.go:169.16,173.3 2 1
dall06/go-cleanapi/pkg/adapter/controller/controller.go:175.2,176.75 2 1
dall06/go-cleanapi/pkg/adapter/controller/controller.go:187.48,190.14 2 1
dall06/go-cleanapi/pkg/adapter/controller/controller.go:190.14,194.3 2 0
dall06/go-cleanapi/pkg/adapter/controller/controller.go:197.2,200.16 4 1
dall06/go-cleanapi/pkg/adapter/controller/controller.go:200.16,204.3 2 1
dall06/go-cleanapi/pkg/adapter/controller/controller.go:205.2,205.21 1 1
dall06/go-cleanapi/pkg/adapter/controller/controller.go:205.21,208.3 2 0
dall06/go-cleanapi/pkg/adapter/controller/controller.go:211.2,213.16 3 1
dall06/go-cleanapi/pkg/adapter/controller/controller.go:213.16,217.3 2 0
dall06/go-cleanapi/pkg/adapter/controller/controller.go:218.2,218.26 1 1
dall06/go-cleanapi/pkg/adapter/controller/controller.go:218.26,221.3 2 0
dall06/go-cleanapi/pkg/adapter/controller/controller.go:222.2,222.23 1 1
dall06/go-cleanapi/pkg/adapter/controller/controller.go:222.23,225.3 2 0
dall06/go-cleanapi/pkg/adapter/controller/controller.go:226.2,226.25 1 1
dall06/go-cleanapi/pkg/adapter/controller/controller.go:226.25,229.3 2 0
dall06/go-cleanapi/pkg/adapter/controller/controller.go:232.2,233.71 2 1
dall06/go-cleanapi/pkg/adapter/controller/controller.go:243.51,246.11 2 1
dall06/go-cleanapi/pkg/adapter/controller/controller.go:246.11,249.3 2 0
dall06/go-cleanapi/pkg/adapter/controller/controller.go:251.2,252.16 2 1
dall06/go-cleanapi/pkg/adapter/controller/controller.go:252.16,256.3 2 0
dall06/go-cleanapi/pkg/adapter/controller/controller.go:257.2,257.18 1 1
dall06/go-cleanapi/pkg/adapter/controller/controller.go:257.18,260.3 2 0
dall06/go-cleanapi/pkg/adapter/controller/controller.go:263.2,265.16 3 1
dall06/go-cleanapi/pkg/adapter/controller/controller.go:265.16,269.3 2 0
dall06/go-cleanapi/pkg/adapter/controller/controller.go:270.2,270.24 1 1
dall06/go-cleanapi/pkg/adapter/controller/controller.go:270.24,273.3 2 0
dall06/go-cleanapi/pkg/adapter/controller/controller.go:274.2,274.28 1 1
dall06/go-cleanapi/pkg/adapter/controller/controller.go:274.28,277.3 2 1
dall06/go-cleanapi/pkg/adapter/controller/controller.go:280.2,284.72 3 1
dall06/go-cleanapi/pkg/adapter/controller/controller.go:297.48,299.14 2 1
dall06/go-cleanapi/pkg/adapter/controller/controller.go:299.14,303.3 2 0
dall06/go-cleanapi/pkg/adapter/controller/controller.go:305.2,306.44 2 1
dall06/go-cleanapi/pkg/adapter/controller/controller.go:306.44,309.3 2 1
dall06/go-cleanapi/pkg/adapter/controller/controller.go:311.2,311.47 1 1
dall06/go-cleanapi/pkg/adapter/controller/controller.go:311.47,314.3 2 1
dall06/go-cleanapi/pkg/adapter/controller/controller.go:316.2,323.16 3 1
dall06/go-cleanapi/pkg/adapter/controller/controller.go:323.16,327.3 2 1
dall06/go-cleanapi/pkg/adapter/controller/controller.go:329.2,330.68 2 1
dall06/go-cleanapi/pkg/adapter/controller/controller.go:341.51,343.14 2 1
dall06/go-cleanapi/pkg/adapter/controller/controller.go:343.14,347.3 2 0
dall06/go-cleanapi/pkg/adapter/controller/controller.go:349.2,350.44 2 1
dall06/go-cleanapi/pkg/adapter/controller/controller.go:350.44,353.3 2 1
dall06/go-cleanapi/pkg/adapter/controller/controller.go:354.2,354.47 1 1
dall06/go-cleanapi/pkg/adapter/controller/controller.go:354.47,357.3 2 1
dall06/go-cleanapi/pkg/adapter/controller/controller.go:359.2,365.16 3 1
dall06/go-cleanapi/pkg/adapter/controller/controller.go:365.16,368.3 2 1
dall06/go-cleanapi/pkg/adapter/controller/controller.go:370.2,371.74 2 1
dall06/go-cleanapi/pkg/internal/repository/repository.go:36.43,40.2 1 1
dall06/go-cleanapi/pkg/internal/repository/repository.go:42.73,43.17 1 1
dall06/go-cleanapi/pkg/internal/repository/repository.go:43.17,45.3 1 0
dall06/go-cleanapi/pkg/internal/repository/repository.go:46.2,46.42 1 1
dall06/go-cleanapi/pkg/internal/repository/repository.go:46.42,48.3 1 0
dall06/go-cleanapi/pkg/internal/repository/repository.go:49.2,49.42 1 1
dall06/go-cleanapi/pkg/internal/repository/repository.go:49.42,51.3 1 0
dall06/go-cleanapi/pkg/internal/repository/repository.go:52.2,52.25 1 1
dall06/go-cleanapi/pkg/internal/repository/repository.go:52.25,54.3 1 0
dall06/go-cleanapi/pkg/internal/repository/repository.go:56.2,60.16 2 1
dall06/go-cleanapi/pkg/internal/repository/repository.go:60.16,63.3 2 0
dall06/go-cleanapi/pkg/internal/repository/repository.go:65.2,68.26 3 1
dall06/go-cleanapi/pkg/internal/repository/repository.go:68.26,70.3 1 0
dall06/go-cleanapi/pkg/internal/repository/repository.go:71.2,71.16 1 1
dall06/go-cleanapi/pkg/internal/repository/repository.go:71.16,73.3 1 1
dall06/go-cleanapi/pkg/internal/repository/repository.go:75.2,75.15 1 1
dall06/go-cleanapi/pkg/internal/repository/repository.go:78.56,79.17 1 1
dall06/go-cleanapi/pkg/internal/repository/repository.go:79.17,81.3 1 0
dall06/go-cleanapi/pkg/internal/repository/repository.go:82.2,82.19 1 1
dall06/go-cleanapi/pkg/internal/repository/repository.go:82.19,84.3 1 0
dall06/go-cleanapi/pkg/internal/repository/repository.go:85.2,85.22 1 1
dall06/go-cleanapi/pkg/internal/repository/repository.go:85.22,87.3 1 0
dall06/go-cleanapi/pkg/internal/repository/repository.go:88.2,88.25 1 1
dall06/go-cleanapi/pkg/internal/repository/repository.go:88.25,90.3 1 0
dall06/go-cleanapi/pkg/internal/repository/repository.go:93.2,98.16 2 1
dall06/go-cleanapi/pkg/internal/repository/repository.go:98.16,100.3 1 1
dall06/go-cleanapi/pkg/internal/repository/repository.go:102.2,102.12 1 1
dall06/go-cleanapi/pkg/internal/repository/repository.go:105.71,106.17 1 1
dall06/go-cleanapi/pkg/internal/repository/repository.go:106.17,108.3 1 0
dall06/go-cleanapi/pkg/internal/repository/repository.go:109.2,109.19 1 1
dall06/go-cleanapi/pkg/internal/repository/repository.go:109.19,111.3 1 0
dall06/go-cleanapi/pkg/internal/repository/repository.go:113.2,116.16 3 1
dall06/go-cleanapi/pkg/internal/repository/repository.go:116.16,119.3 2 0
dall06/go-cleanapi/pkg/internal/repository/repository.go:121.2,125.26 2 1
dall06/go-cleanapi/pkg/internal/repository/repository.go:125.26,127.3 1 1
dall06/go-cleanapi/pkg/internal/repository/repository.go:128.2,128.16 1 1
dall06/go-cleanapi/pkg/internal/repository/repository.go:128.16,130.3 1 1
dall06/go-cleanapi/pkg/internal/repository/repository.go:132.2,132.15 1 1
dall06/go-cleanapi/pkg/internal/repository/repository.go:135.56,137.16 2 1
dall06/go-cleanapi/pkg/internal/repository/repository.go:137.16,139.3 1 0
dall06/go-cleanapi/pkg/internal/repository/repository.go:140.2,140.15 1 1
dall06/go-cleanapi/pkg/internal/repository/repository.go:140.15,141.40 1 1
dall06/go-cleanapi/pkg/internal/repository/repository.go:141.40,143.4 1 0
dall06/go-cleanapi/pkg/internal/repository/repository.go:146.2,148.18 2 1
dall06/go-cleanapi/pkg/internal/repository/repository.go:148.18,155.17 3 1
dall06/go-cleanapi/pkg/internal/repository/repository.go:155.17,157.4 1 0
dall06/go-cleanapi/pkg/internal/repository/repository.go:159.3,159.30 1 1
dall06/go-cleanapi/pkg/internal/repository/repository.go:162.2,162.35 1 1
dall06/go-cleanapi/pkg/internal/repository/repository.go:162.35,164.3 1 0
dall06/go-cleanapi/pkg/internal/repository/repository.go:166.2,166.37 1 1
dall06/go-cleanapi/pkg/internal/repository/repository.go:166.37,168.3 1 0
dall06/go-cleanapi/pkg/internal/repository/repository.go:170.2,170.19 1 1
dall06/go-cleanapi/pkg/internal/repository/repository.go:173.55,174.17 1 1
dall06/go-cleanapi/pkg/internal/repository/repository.go:174.17,176.3 1 0
dall06/go-cleanapi/pkg/internal/repository/repository.go:177.2,177.19 1 1
dall06/go-cleanapi/pkg/internal/repository/repository.go:177.19,179.3 1 0
dall06/go-cleanapi/pkg/internal/repository/repository.go:180.2,180.25 1 1
dall06/go-cleanapi/pkg/internal/repository/repository.go:180.25,182.3 1 0
dall06/go-cleanapi/pkg/internal/repository/repository.go:183.2,183.42 1 1
dall06/go-cleanapi/pkg/internal/repository/repository.go:183.42,185.3 1 0
dall06/go-cleanapi/pkg/internal/repository/repository.go:187.2,192.16 2 1
dall06/go-cleanapi/pkg/internal/repository/repository.go:192.16,194.3 1 1
dall06/go-cleanapi/pkg/internal/repository/repository.go:196.2,197.16 2 1
dall06/go-cleanapi/pkg/internal/repository/repository.go:197.16,199.3 1 0
dall06/go-cleanapi/pkg/internal/repository/repository.go:201.2,201.19 1 1
dall06/go-cleanapi/pkg/internal/repository/repository.go:201.19,203.3 1 0
dall06/go-cleanapi/pkg/internal/repository/repository.go:205.2,205.12 1 1
dall06/go-cleanapi/pkg/internal/repository/repository.go:208.55,209.17 1 1
dall06/go-cleanapi/pkg/internal/repository/repository.go:209.17,211.3 1 0
dall06/go-cleanapi/pkg/internal/repository/repository.go:212.2,212.19 1 1
dall06/go-cleanapi/pkg/internal/repository/repository.go:212.19,214.3 1 0
dall06/go-cleanapi/pkg/internal/repository/repository.go:215.2,215.25 1 1
dall06/go-cleanapi/pkg/internal/repository/repository.go:215.25,217.3 1 0
dall06/go-cleanapi/pkg/internal/repository/repository.go:219.2,220.16 2 1
dall06/go-cleanapi/pkg/internal/repository/repository.go:220.16,222.3 1 1
dall06/go-cleanapi/pkg/internal/repository/repository.go:224.2,225.16 2 1
dall06/go-cleanapi/pkg/internal/repository/repository.go:225.16,227.3 1 0
dall06/go-cleanapi/pkg/internal/repository/repository.go:229.2,229.19 1 1
dall06/go-cleanapi/pkg/internal/repository/repository.go:229.19,231.3 1 0
dall06/go-cleanapi/pkg/internal/repository/repository.go:233.2,233.12 1 1
dall06/go-cleanapi/pkg/internal/usecases/usecases.go:32.68,37.2 1 1
dall06/go-cleanapi/pkg/internal/usecases/usecases.go:39.67,42.16 2 1
dall06/go-cleanapi/pkg/internal/usecases/usecases.go:42.16,44.3 1 0
dall06/go-cleanapi/pkg/internal/usecases/usecases.go:46.2,47.16 2 1
dall06/go-cleanapi/pkg/internal/usecases/usecases.go:47.16,49.3 1 0
dall06/go-cleanapi/pkg/internal/usecases/usecases.go:52.2,53.26 2 1
dall06/go-cleanapi/pkg/internal/usecases/usecases.go:53.26,56.3 2 0
dall06/go-cleanapi/pkg/internal/usecases/usecases.go:57.2,57.16 1 1
dall06/go-cleanapi/pkg/internal/usecases/usecases.go:57.16,59.3 1 1
dall06/go-cleanapi/pkg/internal/usecases/usecases.go:61.2,61.17 1 1
dall06/go-cleanapi/pkg/internal/usecases/usecases.go:64.53,67.16 2 1
dall06/go-cleanapi/pkg/internal/usecases/usecases.go:67.16,69.3 1 0
dall06/go-cleanapi/pkg/internal/usecases/usecases.go:71.2,72.16 2 1
dall06/go-cleanapi/pkg/internal/usecases/usecases.go:72.16,74.3 1 0
dall06/go-cleanapi/pkg/internal/usecases/usecases.go:77.2,79.16 3 1
dall06/go-cleanapi/pkg/internal/usecases/usecases.go:79.16,81.3 1 1
dall06/go-cleanapi/pkg/internal/usecases/usecases.go:83.2,83.12 1 1
dall06/go-cleanapi/pkg/internal/usecases/usecases.go:86.72,89.16 2 1
dall06/go-cleanapi/pkg/internal/usecases/usecases.go:89.16,91.3 1 0
dall06/go-cleanapi/pkg/internal/usecases/usecases.go:93.2,94.16 2 1
dall06/go-cleanapi/pkg/internal/usecases/usecases.go:94.16,96.3 1 0
dall06/go-cleanapi/pkg/internal/usecases/usecases.go:98.2,99.26 2 1
dall06/go-cleanapi/pkg/internal/usecases/usecases.go:99.26,102.3 2 1
dall06/go-cleanapi/pkg/internal/usecases/usecases.go:103.2,103.16 1 1
dall06/go-cleanapi/pkg/internal/usecases/usecases.go:103.16,105.3 1 1
dall06/go-cleanapi/pkg/internal/usecases/usecases.go:107.2,107.17 1 1
dall06/go-cleanapi/pkg/internal/usecases/usecases.go:110.54,112.16 2 1
dall06/go-cleanapi/pkg/internal/usecases/usecases.go:112.16,114.3 1 0
dall06/go-cleanapi/pkg/internal/usecases/usecases.go:115.2,115.19 1 1
dall06/go-cleanapi/pkg/internal/usecases/usecases.go:118.51,121.16 2 1
dall06/go-cleanapi/pkg/internal/usecases/usecases.go:121.16,123.3 1 0
dall06/go-cleanapi/pkg/internal/usecases/usecases.go:125.2,126.16 2 1
dall06/go-cleanapi/pkg/internal/usecases/usecases.go:126.16,128.3 1 0
dall06/go-cleanapi/pkg/internal/usecases/usecases.go:130.2,131.16 2 1
dall06/go-cleanapi/pkg/internal/usecases/usecases.go:131.16,133.3 1 1
dall06/go-cleanapi/pkg/internal/usecases/usecases.go:135.2,135.12 1 1
dall06/go-cleanapi/pkg/internal/usecases/usecases.go:138.52,141.16 2 1
dall06/go-cleanapi/pkg/internal/usecases/usecases.go:141.16,143.3 1 0
dall06/go-cleanapi/pkg/internal/usecases/usecases.go:145.2,146.16 2 1
dall06/go-cleanapi/pkg/internal/usecases/usecases.go:146.16,148.3 1 0
dall06/go-cleanapi/pkg/internal/usecases/usecases.go:150.2,151.16 2 1
dall06/go-cleanapi/pkg/internal/usecases/usecases.go:151.16,153.3 1 1
dall06/go-cleanapi/pkg/internal/usecases/usecases.go:155.2,155.12 1 1
dall06/go-cleanapi/utils/jwt.go:42.32,46.2 1 0
dall06/go-cleanapi/utils/jwt.go:48.59,49.14 1 0
dall06/go-cleanapi/utils/jwt.go:49.14,51.3 1 0
dall06/go-cleanapi/utils/jwt.go:53.2,67.16 6 0
dall06/go-cleanapi/utils/jwt.go:67.16,69.3 1 0
dall06/go-cleanapi/utils/jwt.go:71.2,71.25 1 0
dall06/go-cleanapi/utils/jwt.go:74.66,75.24 1 0
dall06/go-cleanapi/utils/jwt.go:75.24,77.3 1 0
dall06/go-cleanapi/utils/jwt.go:79.2,80.102 2 0
dall06/go-cleanapi/utils/jwt.go:80.102,83.3 1 0
dall06/go-cleanapi/utils/jwt.go:84.2,84.16 1 0
dall06/go-cleanapi/utils/jwt.go:84.16,86.3 1 0
dall06/go-cleanapi/utils/jwt.go:88.2,88.18 1 0
dall06/go-cleanapi/utils/jwt.go:88.18,90.3 1 0
dall06/go-cleanapi/utils/jwt.go:92.2,92.18 1 0
dall06/go-cleanapi/utils/jwt.go:95.49,98.18 2 0
dall06/go-cleanapi/utils/jwt.go:98.18,100.3 1 0
dall06/go-cleanapi/utils/jwt.go:102.2,119.16 7 0
dall06/go-cleanapi/utils/jwt.go:119.16,121.3 1 0
dall06/go-cleanapi/utils/jwt.go:123.2,123.25 1 0
dall06/go-cleanapi/utils/jwt.go:126.65,128.22 2 0
dall06/go-cleanapi/utils/jwt.go:128.22,130.3 1 0
dall06/go-cleanapi/utils/jwt.go:132.2,132.24 1 0
dall06/go-cleanapi/utils/jwt.go:132.24,134.3 1 0
dall06/go-cleanapi/utils/jwt.go:136.2,137.102 2 0
dall06/go-cleanapi/utils/jwt.go:137.102,141.3 1 0
dall06/go-cleanapi/utils/jwt.go:142.2,142.16 1 0
dall06/go-cleanapi/utils/jwt.go:142.16,144.3 1 0
dall06/go-cleanapi/utils/jwt.go:146.2,146.18 1 0
dall06/go-cleanapi/utils/jwt.go:146.18,148.3 1 0
dall06/go-cleanapi/utils/jwt.go:150.2,154.9 4 0
dall06/go-cleanapi/utils/jwt.go:154.9,156.3 1 0
dall06/go-cleanapi/utils/jwt.go:157.2,159.33 2 0
dall06/go-cleanapi/utils/jwt.go:159.33,161.3 1 0
dall06/go-cleanapi/utils/jwt.go:163.2,163.18 1 0
dall06/go-cleanapi/utils/jwt_mock.go:10.23,12.2 1 1
dall06/go-cleanapi/utils/jwt_mock.go:14.61,16.2 1 1
dall06/go-cleanapi/utils/jwt_mock.go:18.56,20.2 1 0
dall06/go-cleanapi/utils/jwt_mock.go:22.50,24.2 1 0
dall06/go-cleanapi/utils/jwt_mock.go:26.55,28.2 1 0
dall06/go-cleanapi/utils/logger.go:31.38,36.2 1 1
dall06/go-cleanapi/utils/logger.go:38.36,44.86 5 1
dall06/go-cleanapi/utils/logger.go:44.86,46.17 2 1
dall06/go-cleanapi/utils/logger.go:46.17,48.4 1 0
dall06/go-cleanapi/utils/logger.go:50.3,63.17 4 1
dall06/go-cleanapi/utils/logger.go:63.17,65.4 1 0
dall06/go-cleanapi/utils/logger.go:67.3,71.28 3 1
dall06/go-cleanapi/utils/logger.go:74.2,74.24 1 1
dall06/go-cleanapi/utils/logger.go:74.24,76.3 1 0
dall06/go-cleanapi/utils/logger.go:78.2,78.12 1 1
dall06/go-cleanapi/utils/logger.go:81.59,83.2 1 0
dall06/go-cleanapi/utils/logger.go:85.59,87.2 1 1
dall06/go-cleanapi/utils/logger.go:89.60,91.2 1 1
dall06/go-cleanapi/utils/logger.go:93.76,96.54 3 1
dall06/go-cleanapi/utils/logger.go:96.54,98.3 1 0
dall06/go-cleanapi/utils/logger.go:99.2,99.54 1 1
dall06/go-cleanapi/utils/logger_mock.go:24.29,26.2 1 0
dall06/go-cleanapi/utils/logger_mock.go:28.40,30.2 1 0
dall06/go-cleanapi/utils/logger_mock.go:32.63,37.2 4 0
dall06/go-cleanapi/utils/logger_mock.go:39.63,44.2 4 0
dall06/go-cleanapi/utils/logger_mock.go:46.64,51.2 4 0
dall06/go-cleanapi/utils/uuid.go:17.30,19.2 1 0
dall06/go-cleanapi/utils/uuid.go:21.38,23.2 1 0
dall06/go-cleanapi/utils/uuid.go:25.39,27.2 1 0
dall06/go-cleanapi/utils/uuid_mock.go:12.25,14.2 1 1
dall06/go-cleanapi/utils/uuid_mock.go:16.40,18.2 1 0
dall06/go-cleanapi/utils/uuid_mock.go:20.39,22.2 1 1
dall06/go-cleanapi/utils/validations.go:22.35,24.2 1 1
dall06/go-cleanapi/utils/validations.go:26.48,31.2 3 1
dall06/go-cleanapi/utils/validations.go:33.48,38.2 3 1
dall06/go-cleanapi/config/config.go:72.43,77.2 1 1
dall06/go-cleanapi/config/config.go:79.45,80.18 1 1
dall06/go-cleanapi/config/config.go:80.18,82.3 1 0
dall06/go-cleanapi/config/config.go:83.2,83.21 1 1
dall06/go-cleanapi/config/config.go:83.21,85.3 1 0
dall06/go-cleanapi/config/config.go:87.2,87.36 1 1
dall06/go-cleanapi/config/config.go:87.36,89.3 1 0
dall06/go-cleanapi/config/config.go:91.2,97.16 5 1
dall06/go-cleanapi/config/config.go:97.16,99.3 1 0
dall06/go-cleanapi/config/config.go:100.2,113.21 11 1
dall06/go-cleanapi/config/config.go:116.34,118.16 2 1
dall06/go-cleanapi/config/config.go:118.16,120.3 1 0
dall06/go-cleanapi/config/config.go:121.2,126.16 4 1
dall06/go-cleanapi/config/config.go:126.16,128.3 1 0
dall06/go-cleanapi/config/config.go:130.2,130.12 1 1
dall06/go-cleanapi/config/config.go:133.51,135.16 2 1
dall06/go-cleanapi/config/config.go:135.16,137.3 1 0
dall06/go-cleanapi/config/config.go:139.2,139.77 1 1
dall06/go-cleanapi/config/config.go:139.77,141.17 2 1
dall06/go-cleanapi/config/config.go:141.17,143.4 1 1
dall06/go-cleanapi/config/config.go:145.3,145.26 1 1
dall06/go-cleanapi/config/config.go:145.26,147.4 1 0
dall06/go-cleanapi/config/config.go:150.2,150.64 1 0
dall06/go-cleanapi/config/config.go:153.45,156.16 3 1
dall06/go-cleanapi/config/config.go:156.16,158.3 1 0
dall06/go-cleanapi/config/config.go:161.2,164.20 4 1
dall06/go-cleanapi/pkg/infrastructure/database/db.go:37.50,42.2 1 1
dall06/go-cleanapi/pkg/infrastructure/database/db.go:44.42,45.33 1 1
dall06/go-cleanapi/pkg/infrastructure/database/db.go:45.33,48.3 2 1
dall06/go-cleanapi/pkg/infrastructure/database/db.go:50.2,51.16 2 1
dall06/go-cleanapi/pkg/infrastructure/database/db.go:51.16,54.3 2 0
dall06/go-cleanapi/pkg/infrastructure/database/db.go:56.2,61.16 5 1
dall06/go-cleanapi/pkg/infrastructure/database/db.go:64.42,65.15 1 1
dall06/go-cleanapi/pkg/infrastructure/database/db.go:65.15,68.3 2 1
dall06/go-cleanapi/pkg/infrastructure/database/db.go:70.2,71.16 2 1
dall06/go-cleanapi/pkg/infrastructure/database/db.go:71.16,74.3 2 0
dall06/go-cleanapi/pkg/infrastructure/database/db.go:77.2,77.12 1 1
dall06/go-cleanapi/utils/jwt.go:42.32,46.2 1 0
dall06/go-cleanapi/utils/jwt.go:48.59,49.14 1 0
dall06/go-cleanapi/utils/jwt.go:49.14,51.3 1 0
dall06/go-cleanapi/utils/jwt.go:53.2,67.16 6 0
dall06/go-cleanapi/utils/jwt.go:67.16,69.3 1 0
dall06/go-cleanapi/utils/jwt.go:71.2,71.25 1 0
dall06/go-cleanapi/utils/jwt.go:74.66,75.24 1 0
dall06/go-cleanapi/utils/jwt.go:75.24,77.3 1 0
dall06/go-cleanapi/utils/jwt.go:79.2,80.102 2 0
dall06/go-cleanapi/utils/jwt.go:80.102,83.3 1 0
dall06/go-cleanapi/utils/jwt.go:84.2,84.16 1 0
dall06/go-cleanapi/utils/jwt.go:84.16,86.3 1 0
dall06/go-cleanapi/utils/jwt.go:88.2,88.18 1 0
dall06/go-cleanapi/utils/jwt.go:88.18,90.3 1 0
dall06/go-cleanapi/utils/jwt.go:92.2,92.18 1 0
dall06/go-cleanapi/utils/jwt.go:95.49,98.18 2 0
dall06/go-cleanapi/utils/jwt.go:98.18,100.3 1 0
dall06/go-cleanapi/utils/jwt.go:102.2,119.16 7 0
dall06/go-cleanapi/utils/jwt.go:119.16,121.3 1 0
dall06/go-cleanapi/utils/jwt.go:123.2,123.25 1 0
dall06/go-cleanapi/utils/jwt.go:126.65,128.22 2 0
dall06/go-cleanapi/utils/jwt.go:128.22,130.3 1 0
dall06/go-cleanapi/utils/jwt.go:132.2,132.24 1 0
dall06/go-cleanapi/utils/jwt.go:132.24,134.3 1 0
dall06/go-cleanapi/utils/jwt.go:136.2,137.102 2 0
dall06/go-cleanapi/utils/jwt.go:137.102,141.3 1 0
dall06/go-cleanapi/utils/jwt.go:142.2,142.16 1 0
dall06/go-cleanapi/utils/jwt.go:142.16,144.3 1 0
dall06/go-cleanapi/utils/jwt.go:146.2,146.18 1 0
dall06/go-cleanapi/utils/jwt.go:146.18,148.3 1 0
dall06/go-cleanapi/utils/jwt.go:150.2,154.9 4 0
dall06/go-cleanapi/utils/jwt.go:154.9,156.3 1 0
dall06/go-cleanapi/utils/jwt.go:157.2,159.33 2 0
dall06/go-cleanapi/utils/jwt.go:159.33,161.3 1 0
dall06/go-cleanapi/utils/jwt.go:163.2,163.18 1 0
dall06/go-cleanapi/utils/jwt_mock.go:10.23,12.2 1 0
dall06/go-cleanapi/utils/jwt_mock.go:14.61,16.2 1 0
dall06/go-cleanapi/utils/jwt_mock.go:18.56,20.2 1 0
dall06/go-cleanapi/utils/jwt_mock.go:22.50,24.2 1 0
dall06/go-cleanapi/utils/jwt_mock.go:26.55,28.2 1 0
dall06/go-cleanapi/utils/logger.go:31.38,36.2 1 0
dall06/go-cleanapi/utils/logger.go:38.36,44.86 5 0
dall06/go-cleanapi/utils/logger.go:44.86,46.17 2 0
dall06/go-cleanapi/utils/logger.go:46.17,48.4 1 0
dall06/go-cleanapi/utils/logger.go:50.3,63.17 4 0
dall06/go-cleanapi/utils/logger.go:63.17,65.4 1 0
dall06/go-cleanapi/utils/logger.go:67.3,71.28 3 0
dall06/go-cleanapi/utils/logger.go:74.2,74.24 1 0
dall06/go-cleanapi/utils/logger.go:74.24,76.3 1 0
dall06/go-cleanapi/utils/logger.go:78.2,78.12 1 0
dall06/go-cleanapi/utils/logger.go:81.59,83.2 1 0
dall06/go-cleanapi/utils/logger.go:85.59,87.2 1 0
dall06/go-cleanapi/utils/logger.go:89.60,91.2 1 0
dall06/go-cleanapi/utils/logger.go:93.76,96.54 3 0
dall06/go-cleanapi/utils/logger.go:96.54,98.3 1 0
dall06/go-cleanapi/utils/logger.go:99.2,99.54 1 0
dall06/go-cleanapi/utils/logger_mock.go:24.29,26.2 1 1
dall06/go-cleanapi/utils/logger_mock.go:28.40,30.2 1 1
dall06/go-cleanapi/utils/logger_mock.go:32.63,37.2 4 1
dall06/go-cleanapi/utils/logger_mock.go:39.63,44.2 4 1
dall06/go-cleanapi/utils/logger_mock.go:46.64,51.2 4 0
dall06/go-cleanapi/utils/uuid.go:17.30,19.2 1 0
dall06/go-cleanapi/utils/uuid.go:21.38,23.2 1 0
dall06/go-cleanapi/utils/uuid.go:25.39,27.2 1 0
dall06/go-cleanapi/utils/uuid_mock.go:12.25,14.2 1 0
dall06/go-cleanapi/utils/uuid_mock.go:16.40,18.2 1 0
dall06/go-cleanapi/utils/uuid_mock.go:20.39,22.2 1 0
dall06/go-cleanapi/utils/validations.go:22.35,24.2 1 0
dall06/go-cleanapi/utils/validations.go:26.48,31.2 3 0
dall06/go-cleanapi/utils/validations.go:33.48,38.2 3 0
dall06/go-cleanapi/pkg/internal/repository/repository.go:36.43,40.2 1 1
dall06/go-cleanapi/pkg/internal/repository/repository.go:42.73,43.17 1 1
dall06/go-cleanapi/pkg/internal/repository/repository.go:43.17,45.3 1 1
dall06/go-cleanapi/pkg/internal/repository/repository.go:46.2,46.42 1 1
dall06/go-cleanapi/pkg/internal/repository/repository.go:46.42,48.3 1 0
dall06/go-cleanapi/pkg/internal/repository/repository.go:49.2,49.42 1 1
dall06/go-cleanapi/pkg/internal/repository/repository.go:49.42,51.3 1 1
dall06/go-cleanapi/pkg/internal/repository/repository.go:52.2,52.25 1 1
dall06/go-cleanapi/pkg/internal/repository/repository.go:52.25,54.3 1 0
dall06/go-cleanapi/pkg/internal/repository/repository.go:56.2,60.16 2 1
dall06/go-cleanapi/pkg/internal/repository/repository.go:60.16,63.3 2 0
dall06/go-cleanapi/pkg/internal/repository/repository.go:65.2,68.26 3 1
dall06/go-cleanapi/pkg/internal/repository/repository.go:68.26,70.3 1 0
dall06/go-cleanapi/pkg/internal/repository/repository.go:71.2,71.16 1 1
dall06/go-cleanapi/pkg/internal/repository/repository.go:71.16,73.3 1 1
dall06/go-cleanapi/pkg/internal/repository/repository.go:75.2,75.15 1 1
dall06/go-cleanapi/pkg/internal/repository/repository.go:78.56,79.17 1 1
dall06/go-cleanapi/pkg/internal/repository/repository.go:79.17,81.3 1 1
dall06/go-cleanapi/pkg/internal/repository/repository.go:82.2,82.19 1 1
dall06/go-cleanapi/pkg/internal/repository/repository.go:82.19,84.3 1 1
dall06/go-cleanapi/pkg/internal/repository/repository.go:85.2,85.22 1 1
dall06/go-cleanapi/pkg/internal/repository/repository.go:85.22,87.3 1 1
dall06/go-cleanapi/pkg/internal/repository/repository.go:88.2,88.25 1 1
dall06/go-cleanapi/pkg/internal/repository/repository.go:88.25,90.3 1 1
dall06/go-cleanapi/pkg/internal/repository/repository.go:93.2,98.16 2 1
dall06/go-cleanapi/pkg/internal/repository/repository.go:98.16,100.3 1 1
dall06/go-cleanapi/pkg/internal/repository/repository.go:102.2,102.12 1 1
dall06/go-cleanapi/pkg/internal/repository/repository.go:105.71,106.17 1 1
dall06/go-cleanapi/pkg/internal/repository/repository.go:106.17,108.3 1 1
dall06/go-cleanapi/pkg/internal/repository/repository.go:109.2,109.19 1 1
dall06/go-cleanapi/pkg/internal/repository/repository.go:109.19,111.3 1 1
dall06/go-cleanapi/pkg/internal/repository/repository.go:113.2,116.16 3 1
dall06/go-cleanapi/pkg/internal/repository/repository.go:116.16,119.3 2 0
dall06/go-cleanapi/pkg/internal/repository/repository.go:121.2,125.26 2 1
dall06/go-cleanapi/pkg/internal/repository/repository.go:125.26,127.3 1 0
dall06/go-cleanapi/pkg/internal/repository/repository.go:128.2,128.16 1 1
dall06/go-cleanapi/pkg/internal/repository/repository.go:128.16,130.3 1 1
dall06/go-cleanapi/pkg/internal/repository/repository.go:132.2,132.15 1 1
dall06/go-cleanapi/pkg/internal/repository/repository.go:135.56,137.16 2 1
dall06/go-cleanapi/pkg/internal/repository/repository.go:137.16,139.3 1 0
dall06/go-cleanapi/pkg/internal/repository/repository.go:140.2,140.15 1 1
dall06/go-cleanapi/pkg/internal/repository/repository.go:140.15,141.40 1 1
dall06/go-cleanapi/pkg/internal/repository/repository.go:141.40,143.4 1 0
dall06/go-cleanapi/pkg/internal/repository/repository.go:146.2,148.18 2 1
dall06/go-cleanapi/pkg/internal/repository/repository.go:148.18,155.17 3 1
dall06/go-cleanapi/pkg/internal/repository/repository.go:155.17,157.4 1 0
dall06/go-cleanapi/pkg/internal/repository/repository.go:159.3,159.30 1 1
dall06/go-cleanapi/pkg/internal/repository/repository.go:162.2,162.35 1 1
dall06/go-cleanapi/pkg/internal/repository/repository.go:162.35,164.3 1 0
dall06/go-cleanapi/pkg/internal/repository/repository.go:166.2,166.37 1 1
dall06/go-cleanapi/pkg/internal/repository/repository.go:166.37,168.3 1 0
dall06/go-cleanapi/pkg/internal/repository/repository.go:170.2,170.19 1 1
dall06/go-cleanapi/pkg/internal/repository/repository.go:173.55,174.17 1 1
dall06/go-cleanapi/pkg/internal/repository/repository.go:174.17,176.3 1 1
dall06/go-cleanapi/pkg/internal/repository/repository.go:177.2,177.19 1 1
dall06/go-cleanapi/pkg/internal/repository/repository.go:177.19,179.3 1 1
dall06/go-cleanapi/pkg/internal/repository/repository.go:180.2,180.25 1 1
dall06/go-cleanapi/pkg/internal/repository/repository.go:180.25,182.3 1 1
dall06/go-cleanapi/pkg/internal/repository/repository.go:183.2,183.42 1 1
dall06/go-cleanapi/pkg/internal/repository/repository.go:183.42,185.3 1 0
dall06/go-cleanapi/pkg/internal/repository/repository.go:187.2,192.16 2 1
dall06/go-cleanapi/pkg/internal/repository/repository.go:192.16,194.3 1 1
dall06/go-cleanapi/pkg/internal/repository/repository.go:196.2,197.16 2 1
dall06/go-cleanapi/pkg/internal/repository/repository.go:197.16,199.3 1 0
dall06/go-cleanapi/pkg/internal/repository/repository.go:201.2,201.19 1 1
dall06/go-cleanapi/pkg/internal/repository/repository.go:201.19,203.3 1 0
dall06/go-cleanapi/pkg/internal/repository/repository.go:205.2,205.12 1 1
dall06/go-cleanapi/pkg/internal/repository/repository.go:208.55,209.17 1 1
dall06/go-cleanapi/pkg/internal/repository/repository.go:209.17,211.3 1 1
dall06/go-cleanapi/pkg/internal/repository/repository.go:212.2,212.19 1 1
dall06/go-cleanapi/pkg/internal/repository/repository.go:212.19,214.3 1 1
dall06/go-cleanapi/pkg/internal/repository/repository.go:215.2,215.25 1 1
dall06/go-cleanapi/pkg/internal/repository/repository.go:215.25,217.3 1 1
dall06/go-cleanapi/pkg/internal/repository/repository.go:219.2,220.16 2 1
dall06/go-cleanapi/pkg/internal/repository/repository.go:220.16,222.3 1 1
dall06/go-cleanapi/pkg/internal/repository/repository.go:224.2,225.16 2 1
dall06/go-cleanapi/pkg/internal/repository/repository.go:225.16,227.3 1 0
dall06/go-cleanapi/pkg/internal/repository/repository.go:229.2,229.19 1 1
dall06/go-cleanapi/pkg/internal/repository/repository.go:229.19,231.3 1 0
dall06/go-cleanapi/pkg/internal/repository/repository.go:233.2,233.12 1 1
dall06/go-cleanapi/config/config.go:72.43,77.2 1 0
dall06/go-cleanapi/config/config.go:79.45,80.18 1 0
dall06/go-cleanapi/config/config.go:80.18,82.3 1 0
dall06/go-cleanapi/config/config.go:83.2,83.21 1 0
dall06/go-cleanapi/config/config.go:83.21,85.3 1 0
dall06/go-cleanapi/config/config.go:87.2,87.36 1 0
dall06/go-cleanapi/config/config.go:87.36,89.3 1 0
dall06/go-cleanapi/config/config.go:91.2,97.16 5 0
dall06/go-cleanapi/config/config.go:97.16,99.3 1 0
dall06/go-cleanapi/config/config.go:100.2,113.21 11 0
dall06/go-cleanapi/config/config.go:116.34,118.16 2 0
dall06/go-cleanapi/config/config.go:118.16,120.3 1 0
dall06/go-cleanapi/config/config.go:121.2,126.16 4 0
dall06/go-cleanapi/config/config.go:126.16,128.3 1 0
dall06/go-cleanapi/config/config.go:130.2,130.12 1 0
dall06/go-cleanapi/config/config.go:133.51,135.16 2 0
dall06/go-cleanapi/config/config.go:135.16,137.3 1 0
dall06/go-cleanapi/config/config.go:139.2,139.77 1 0
dall06/go-cleanapi/config/config.go:139.77,141.17 2 0
dall06/go-cleanapi/config/config.go:141.17,143.4 1 0
dall06/go-cleanapi/config/config.go:145.3,145.26 1 0
dall06/go-cleanapi/config/config.go:145.26,147.4 1 0
dall06/go-cleanapi/config/config.go:150.2,150.64 1 0
dall06/go-cleanapi/config/config.go:153.45,156.16 3 0
dall06/go-cleanapi/config/config.go:156.16,158.3 1 0
dall06/go-cleanapi/config/config.go:161.2,164.20 4 0
dall06/go-cleanapi/pkg/adapter/controller/controller.go:69.14,78.2 1 0
dall06/go-cleanapi/pkg/adapter/controller/controller.go:88.49,95.47 3 0
dall06/go-cleanapi/pkg/adapter/controller/controller.go:95.47,98.3 2 0
dall06/go-cleanapi/pkg/adapter/controller/controller.go:100.2,101.9 2 0
dall06/go-cleanapi/pkg/adapter/controller/controller.go:102.39,103.29 1 0
dall06/go-cleanapi/pkg/adapter/controller/controller.go:104.39,105.29 1 0
dall06/go-cleanapi/pkg/adapter/controller/controller.go:106.10,107.102 1 0
dall06/go-cleanapi/pkg/adapter/controller/controller.go:109.2,112.16 3 0
dall06/go-cleanapi/pkg/adapter/controller/controller.go:112.16,116.3 2 0
dall06/go-cleanapi/pkg/adapter/controller/controller.go:117.2,117.18 1 0
dall06/go-cleanapi/pkg/adapter/controller/controller.go:117.18,121.3 2 0
dall06/go-cleanapi/pkg/adapter/controller/controller.go:123.2,124.16 2 0
dall06/go-cleanapi/pkg/adapter/controller/controller.go:124.16,128.3 2 0
dall06/go-cleanapi/pkg/adapter/controller/controller.go:131.2,138.76 7 0
dall06/go-cleanapi/pkg/adapter/controller/controller.go:149.49,152.45 2 0
dall06/go-cleanapi/pkg/adapter/controller/controller.go:152.45,155.3 2 0
dall06/go-cleanapi/pkg/adapter/controller/controller.go:157.2,157.47 1 0
dall06/go-cleanapi/pkg/adapter/controller/controller.go:157.47,160.3 2 0
dall06/go-cleanapi/pkg/adapter/controller/controller.go:162.2,169.16 3 0
dall06/go-cleanapi/pkg/adapter/controller/controller.go:169.16,173.3 2 0
dall06/go-cleanapi/pkg/adapter/controller/controller.go:175.2,176.75 2 0
dall06/go-cleanapi/pkg/adapter/controller/controller.go:187.48,190.14 2 0
dall06/go-cleanapi/pkg/adapter/controller/controller.go:190.14,194.3 2 0
dall06/go-cleanapi/pkg/adapter/controller/controller.go:197.2,200.16 4 0
dall06/go-cleanapi/pkg/adapter/controller/controller.go:200.16,204.3 2 0
dall06/go-cleanapi/pkg/adapter/controller/controller.go:205.2,205.21 1 0
dall06/go-cleanapi/pkg/adapter/controller/controller.go:205.21,208.3 2 0
dall06/go-cleanapi/pkg/adapter/controller/controller.go:211.2,213.16 3 0
dall06/go-cleanapi/pkg/adapter/controller/controller.go:213.16,217.3 2 0
dall06/go-cleanapi/pkg/adapter/controller/controller.go:218.2,218.26 1 0
dall06/go-cleanapi/pkg/adapter/controller/controller.go:218.26,221.3 2 0
dall06/go-cleanapi/pkg/adapter/controller/controller.go:222.2,222.23 1 0
dall06/go-cleanapi/pkg/adapter/controller/controller.go:222.23,225.3 2 0
dall06/go-cleanapi/pkg/adapter/controller/controller.go:226.2,226.25 1 0
dall06/go-cleanapi/pkg/adapter/controller/controller.go:226.25,229.3 2 0
dall06/go-cleanapi/pkg/adapter/controller/controller.go:232.2,233.71 2 0
dall06/go-cleanapi/pkg/adapter/controller/controller.go:243.51,246.11 2 0
dall06/go-cleanapi/pkg/adapter/controller/controller.go:246.11,249.3 2 0
dall06/go-cleanapi/pkg/adapter/controller/controller.go:251.2,252.16 2 0
dall06/go-cleanapi/pkg/adapter/controller/controller.go:252.16,256.3 2 0
dall06/go-cleanapi/pkg/adapter/controller/controller.go:257.2,257.18 1 0
dall06/go-cleanapi/pkg/adapter/controller/controller.go:257.18,260.3 2 0
dall06/go-cleanapi/pkg/adapter/controller/controller.go:263.2,265.16 3 0
dall06/go-cleanapi/pkg/adapter/controller/controller.go:265.16,269.3 2 0
dall06/go-cleanapi/pkg/adapter/controller/controller.go:270.2,270.24 1 0
dall06/go-cleanapi/pkg/adapter/controller/controller.go:270.24,273.3 2 0
dall06/go-cleanapi/pkg/adapter/controller/controller.go:274.2,274.28 1 0
dall06/go-cleanapi/pkg/adapter/controller/controller.go:274.28,277.3 2 0
dall06/go-cleanapi/pkg/adapter/controller/controller.go:280.2,284.72 3 0
dall06/go-cleanapi/pkg/adapter/controller/controller.go:297.48,299.14 2 0
dall06/go-cleanapi/pkg/adapter/controller/controller.go:299.14,303.3 2 0
dall06/go-cleanapi/pkg/adapter/controller/controller.go:305.2,306.44 2 0
dall06/go-cleanapi/pkg/adapter/controller/controller.go:306.44,309.3 2 0
dall06/go-cleanapi/pkg/adapter/controller/controller.go:311.2,311.47 1 0
dall06/go-cleanapi/pkg/adapter/controller/controller.go:311.47,314.3 2 0
dall06/go-cleanapi/pkg/adapter/controller/controller.go:316.2,323.16 3 0
dall06/go-cleanapi/pkg/adapter/controller/controller.go:323.16,327.3 2 0
dall06/go-cleanapi/pkg/adapter/controller/controller.go:329.2,330.68 2 0
dall06/go-cleanapi/pkg/adapter/controller/controller.go:341.51,343.14 2 0
dall06/go-cleanapi/pkg/adapter/controller/controller.go:343.14,347.3 2 0
dall06/go-cleanapi/pkg/adapter/controller/controller.go:349.2,350.44 2 0
dall06/go-cleanapi/pkg/adapter/controller/controller.go:350.44,353.3 2 0
dall06/go-cleanapi/pkg/adapter/controller/controller.go:354.2,354.47 1 0
dall06/go-cleanapi/pkg/adapter/controller/controller.go:354.47,357.3 2 0
dall06/go-cleanapi/pkg/adapter/controller/controller.go:359.2,365.16 3 0
dall06/go-cleanapi/pkg/adapter/controller/controller.go:365.16,368.3 2 0
dall06/go-cleanapi/pkg/adapter/controller/controller.go:370.2,371.74 2 0
dall06/go-cleanapi/pkg/internal/repository/repository.go:36.43,40.2 1 1
dall06/go-cleanapi/pkg/internal/repository/repository.go:42.73,43.17 1 1
dall06/go-cleanapi/pkg/internal/repository/repository.go:43.17,45.3 1 0
dall06/go-cleanapi/pkg/internal/repository/repository.go:46.2,46.42 1 1
dall06/go-cleanapi/pkg/internal/repository/repository.go:46.42,48.3 1 1
dall06/go-cleanapi/pkg/internal/repository/repository.go:49.2,49.42 1 1
dall06/go-cleanapi/pkg/internal/repository/repository.go:49.42,51.3 1 1
dall06/go-cleanapi/pkg/internal/repository/repository.go:52.2,52.25 1 1
dall06/go-cleanapi/pkg/internal/repository/repository.go:52.25,54.3 1 0
dall06/go-cleanapi/pkg/internal/repository/repository.go:56.2,60.16 2 1
dall06/go-cleanapi/pkg/internal/repository/repository.go:60.16,63.3 2 0
dall06/go-cleanapi/pkg/internal/repository/repository.go:65.2,68.26 3 1
dall06/go-cleanapi/pkg/internal/repository/repository.go:68.26,70.3 1 0
dall06/go-cleanapi/pkg/internal/repository/repository.go:71.2,71.16 1 1
dall06/go-cleanapi/pkg/internal/repository/repository.go:71.16,73.3 1 1
dall06/go-cleanapi/pkg/internal/repository/repository.go:75.2,75.15 1 1
dall06/go-cleanapi/pkg/internal/repository/repository.go:78.56,79.17 1 1
dall06/go-cleanapi/pkg/internal/repository/repository.go:79.17,81.3 1 0
dall06/go-cleanapi/pkg/internal/repository/repository.go:82.2,82.19 1 1
dall06/go-cleanapi/pkg/internal/repository/repository.go:82.19,84.3 1 0
dall06/go-cleanapi/pkg/internal/repository/repository.go:85.2,85.22 1 1
dall06/go-cleanapi/pkg/internal/repository/repository.go:85.22,87.3 1 1
dall06/go-cleanapi/pkg/internal/repository/repository.go:88.2,88.25 1 1
dall06/go-cleanapi/pkg/internal/repository/repository.go:88.25,90.3 1 1
dall06/go-cleanapi/pkg/internal/repository/repository.go:93.2,98.16 2 1
dall06/go-cleanapi/pkg/internal/repository/repository.go:98.16,100.3 1 1
dall06/go-cleanapi/pkg/internal/repository/repository.go:102.2,102.12 1 1
dall06/go-cleanapi/pkg/internal/repository/repository.go:105.71,106.17 1 1
dall06/go-cleanapi/pkg/internal/repository/repository.go:106.17,108.3 1 0
dall06/go-cleanapi/pkg/internal/repository/repository.go:109.2,109.19 1 1
dall06/go-cleanapi/pkg/internal/repository/repository.go:109.19,111.3 1 1
dall06/go-cleanapi/pkg/internal/repository/repository.go:113.2,116.16 3 1
dall06/go-cleanapi/pkg/internal/repository/repository.go:116.16,119.3 2 0
dall06/go-cleanapi/pkg/internal/repository/repository.go:121.2,125.26 2 1
dall06/go-cleanapi/pkg/internal/repository/repository.go:125.26,127.3 1 0
dall06/go-cleanapi/pkg/internal/repository/repository.go:128.2,128.16 1 1
dall06/go-cleanapi/pkg/internal/repository/repository.go:128.16,130.3 1 1
dall06/go-cleanapi/pkg/internal/repository/repository.go:132.2,132.15 1 1
dall06/go-cleanapi/pkg/internal/repository/repository.go:135.56,137.16 2 1
dall06/go-cleanapi/pkg/internal/repository/repository.go:137.16,139.3 1 0
dall06/go-cleanapi/pkg/internal/repository/repository.go:140.2,140.15 1 1
dall06/go-cleanapi/pkg/internal/repository/repository.go:140.15,141.40 1 1
dall06/go-cleanapi/pkg/internal/repository/repository.go:141.40,143.4 1 0
dall06/go-cleanapi/pkg/internal/repository/repository.go:146.2,148.18 2 1
dall06/go-cleanapi/pkg/internal/repository/repository.go:148.18,155.17 3 1
dall06/go-cleanapi/pkg/internal/repository/repository.go:155.17,157.4 1 0
dall06/go-cleanapi/pkg/internal/repository/repository.go:159.3,159.30 1 1
dall06/go-cleanapi/pkg/internal/repository/repository.go:162.2,162.35 1 1
dall06/go-cleanapi/pkg/internal/repository/repository.go:162.35,164.3 1 0
dall06/go-cleanapi/pkg/internal/repository/repository.go:166.2,166.37 1 1
dall06/go-cleanapi/pkg/internal/repository/repository.go:166.37,168.3 1 0
dall06/go-cleanapi/pkg/internal/repository/repository.go:170.2,170.19 1 1
dall06/go-cleanapi/pkg/internal/repository/repository.go:173.55,174.17 1 1
dall06/go-cleanapi/pkg/internal/repository/repository.go:174.17,176.3 1 0
dall06/go-cleanapi/pkg/internal/repository/repository.go:177.2,177.19 1 1
dall06/go-cleanapi/pkg/internal/repository/repository.go:177.19,179.3 1 1
dall06/go-cleanapi/pkg/internal/repository/repository.go:180.2,180.25 1 1
dall06/go-cleanapi/pkg/internal/repository/repository.go:180.25,182.3 1 1
dall06/go-cleanapi/pkg/internal/repository/repository.go:183.2,183.42 1 1
dall06/go-cleanapi/pkg/internal/repository/repository.go:183.42,185.3 1 0
dall06/go-cleanapi/pkg/internal/repository/repository.go:187.2,192.16 2 1
dall06/go-cleanapi/pkg/internal/repository/repository.go:192.16,194.3 1 1
dall06/go-cleanapi/pkg/internal/repository/repository.go:196.2,197.16 2 1
dall06/go-cleanapi/pkg/internal/repository/repository.go:197.16,199.3 1 0
dall06/go-cleanapi/pkg/internal/repository/repository.go:201.2,201.19 1 1
dall06/go-cleanapi/pkg/internal/repository/repository.go:201.19,203.3 1 0
dall06/go-cleanapi/pkg/internal/repository/repository.go:205.2,205.12 1 1
dall06/go-cleanapi/pkg/internal/repository/repository.go:208.55,209.17 1 1
dall06/go-cleanapi/pkg/internal/repository/repository.go:209.17,211.3 1 0
dall06/go-cleanapi/pkg/internal/repository/repository.go:212.2,212.19 1 1
dall06/go-cleanapi/pkg/internal/repository/repository.go:212.19,214.3 1 1
dall06/go-cleanapi/pkg/internal/repository/repository.go:215.2,215.25 1 1
dall06/go-cleanapi/pkg/internal/repository/repository.go:215.25,217.3 1 1
dall06/go-cleanapi/pkg/internal/repository/repository.go:219.2,220.16 2 1
dall06/go-cleanapi/pkg/internal/repository/repository.go:220.16,222.3 1 1
dall06/go-cleanapi/pkg/internal/repository/repository.go:224.2,225.16 2 1
dall06/go-cleanapi/pkg/internal/repository/repository.go:225.16,227.3 1 0
dall06/go-cleanapi/pkg/internal/repository/repository.go:229.2,229.19 1 1
dall06/go-cleanapi/pkg/internal/repository/repository.go:229.19,231.3 1 0
dall06/go-cleanapi/pkg/internal/repository/repository.go:233.2,233.12 1 1
dall06/go-cleanapi/pkg/internal/usecases/usecases.go:32.68,37.2 1 1
dall06/go-cleanapi/pkg/internal/usecases/usecases.go:39.67,42.16 2 1
dall06/go-cleanapi/pkg/internal/usecases/usecases.go:42.16,44.3 1 0
dall06/go-cleanapi/pkg/internal/usecases/usecases.go:46.2,47.16 2 1
dall06/go-cleanapi/pkg/internal/usecases/usecases.go:47.16,49.3 1 0
dall06/go-cleanapi/pkg/internal/usecases/usecases.go:52.2,53.26 2 1
dall06/go-cleanapi/pkg/internal/usecases/usecases.go:53.26,56.3 2 0
dall06/go-cleanapi/pkg/internal/usecases/usecases.go:57.2,57.16 1 1
dall06/go-cleanapi/pkg/internal/usecases/usecases.go:57.16,59.3 1 1
dall06/go-cleanapi/pkg/internal/usecases/usecases.go:61.2,61.17 1 1
dall06/go-cleanapi/pkg/internal/usecases/usecases.go:64.53,67.16 2 1
dall06/go-cleanapi/pkg/internal/usecases/usecases.go:67.16,69.3 1 0
dall06/go-cleanapi/pkg/internal/usecases/usecases.go:71.2,72.16 2 1
dall06/go-cleanapi/pkg/internal/usecases/usecases.go:72.16,74.3 1 0
dall06/go-cleanapi/pkg/internal/usecases/usecases.go:77.2,79.16 3 1
dall06/go-cleanapi/pkg/internal/usecases/usecases.go:79.16,81.3 1 1
dall06/go-cleanapi/pkg/internal/usecases/usecases.go:83.2,83.12 1 1
dall06/go-cleanapi/pkg/internal/usecases/usecases.go:86.72,89.16 2 1
dall06/go-cleanapi/pkg/internal/usecases/usecases.go:89.16,91.3 1 0
dall06/go-cleanapi/pkg/internal/usecases/usecases.go:93.2,94.16 2 1
dall06/go-cleanapi/pkg/internal/usecases/usecases.go:94.16,96.3 1 0
dall06/go-cleanapi/pkg/internal/usecases/usecases.go:98.2,99.26 2 1
dall06/go-cleanapi/pkg/internal/usecases/usecases.go:99.26,102.3 2 0
dall06/go-cleanapi/pkg/internal/usecases/usecases.go:103.2,103.16 1 1
dall06/go-cleanapi/pkg/internal/usecases/usecases.go:103.16,105.3 1 1
dall06/go-cleanapi/pkg/internal/usecases/usecases.go:107.2,107.17 1 1
dall06/go-cleanapi/pkg/internal/usecases/usecases.go:110.54,112.16 2 1
dall06/go-cleanapi/pkg/internal/usecases/usecases.go:112.16,114.3 1 0
dall06/go-cleanapi/pkg/internal/usecases/usecases.go:115.2,115.19 1 1
dall06/go-cleanapi/pkg/internal/usecases/usecases.go:118.51,121.16 2 1
dall06/go-cleanapi/pkg/internal/usecases/usecases.go:121.16,123.3 1 0
dall06/go-cleanapi/pkg/internal/usecases/usecases.go:125.2,126.16 2 1
dall06/go-cleanapi/pkg/internal/usecases/usecases.go:126.16,128.3 1 0
dall06/go-cleanapi/pkg/internal/usecases/usecases.go:130.2,131.16 2 1
dall06/go-cleanapi/pkg/internal/usecases/usecases.go:131.16,133.3 1 1
dall06/go-cleanapi/pkg/internal/usecases/usecases.go:135.2,135.12 1 1
dall06/go-cleanapi/pkg/internal/usecases/usecases.go:138.52,141.16 2 1
dall06/go-cleanapi/pkg/internal/usecases/usecases.go:141.16,143.3 1 0
dall06/go-cleanapi/pkg/internal/usecases/usecases.go:145.2,146.16 2 1
dall06/go-cleanapi/pkg/internal/usecases/usecases.go:146.16,148.3 1 0
dall06/go-cleanapi/pkg/internal/usecases/usecases.go:150.2,151.16 2 1
dall06/go-cleanapi/pkg/internal/usecases/usecases.go:151.16,153.3 1 1
dall06/go-cleanapi/pkg/internal/usecases/usecases.go:155.2,155.12 1 1
dall06/go-cleanapi/utils/jwt.go:42.32,46.2 1 0
dall06/go-cleanapi/utils/jwt.go:48.59,49.14 1 0
dall06/go-cleanapi/utils/jwt.go:49.14,51.3 1 0
dall06/go-cleanapi/utils/jwt.go:53.2,67.16 6 0
dall06/go-cleanapi/utils/jwt.go:67.16,69.3 1 0
dall06/go-cleanapi/utils/jwt.go:71.2,71.25 1 0
dall06/go-cleanapi/utils/jwt.go:74.66,75.24 1 0
dall06/go-cleanapi/utils/jwt.go:75.24,77.3 1 0
dall06/go-cleanapi/utils/jwt.go:79.2,80.102 2 0
dall06/go-cleanapi/utils/jwt.go:80.102,83.3 1 0
dall06/go-cleanapi/utils/jwt.go:84.2,84.16 1 0
dall06/go-cleanapi/utils/jwt.go:84.16,86.3 1 0
dall06/go-cleanapi/utils/jwt.go:88.2,88.18 1 0
dall06/go-cleanapi/utils/jwt.go:88.18,90.3 1 0
dall06/go-cleanapi/utils/jwt.go:92.2,92.18 1 0
dall06/go-cleanapi/utils/jwt.go:95.49,98.18 2 0
dall06/go-cleanapi/utils/jwt.go:98.18,100.3 1 0
dall06/go-cleanapi/utils/jwt.go:102.2,119.16 7 0
dall06/go-cleanapi/utils/jwt.go:119.16,121.3 1 0
dall06/go-cleanapi/utils/jwt.go:123.2,123.25 1 0
dall06/go-cleanapi/utils/jwt.go:126.65,128.22 2 0
dall06/go-cleanapi/utils/jwt.go:128.22,130.3 1 0
dall06/go-cleanapi/utils/jwt.go:132.2,132.24 1 0
dall06/go-cleanapi/utils/jwt.go:132.24,134.3 1 0
dall06/go-cleanapi/utils/jwt.go:136.2,137.102 2 0
dall06/go-cleanapi/utils/jwt.go:137.102,141.3 1 0
dall06/go-cleanapi/utils/jwt.go:142.2,142.16 1 0
dall06/go-cleanapi/utils/jwt.go:142.16,144.3 1 0
dall06/go-cleanapi/utils/jwt.go:146.2,146.18 1 0
dall06/go-cleanapi/utils/jwt.go:146.18,148.3 1 0
dall06/go-cleanapi/utils/jwt.go:150.2,154.9 4 0
dall06/go-cleanapi/utils/jwt.go:154.9,156.3 1 0
dall06/go-cleanapi/utils/jwt.go:157.2,159.33 2 0
dall06/go-cleanapi/utils/jwt.go:159.33,161.3 1 0
dall06/go-cleanapi/utils/jwt.go:163.2,163.18 1 0
dall06/go-cleanapi/utils/jwt_mock.go:10.23,12.2 1 0
dall06/go-cleanapi/utils/jwt_mock.go:14.61,16.2 1 0
dall06/go-cleanapi/utils/jwt_mock.go:18.56,20.2 1 0
dall06/go-cleanapi/utils/jwt_mock.go:22.50,24.2 1 0
dall06/go-cleanapi/utils/jwt_mock.go:26.55,28.2 1 0
dall06/go-cleanapi/utils/logger.go:31.38,36.2 1 0
dall06/go-cleanapi/utils/logger.go:38.36,44.86 5 0
dall06/go-cleanapi/utils/logger.go:44.86,46.17 2 0
dall06/go-cleanapi/utils/logger.go:46.17,48.4 1 0
dall06/go-cleanapi/utils/logger.go:50.3,63.17 4 0
dall06/go-cleanapi/utils/logger.go:63.17,65.4 1 0
dall06/go-cleanapi/utils/logger.go:67.3,71.28 3 0
dall06/go-cleanapi/utils/logger.go:74.2,74.24 1 0
dall06/go-cleanapi/utils/logger.go:74.24,76.3 1 0
dall06/go-cleanapi/utils/logger.go:78.2,78.12 1 0
dall06/go-cleanapi/utils/logger.go:81.59,83.2 1 0
dall06/go-cleanapi/utils/logger.go:85.59,87.2 1 0
dall06/go-cleanapi/utils/logger.go:89.60,91.2 1 0
dall06/go-cleanapi/utils/logger.go:93.76,96.54 3 0
dall06/go-cleanapi/utils/logger.go:96.54,98.3 1 0
dall06/go-cleanapi/utils/logger.go:99.2,99.54 1 0
dall06/go-cleanapi/utils/logger_mock.go:24.29,26.2 1 0
dall06/go-cleanapi/utils/logger_mock.go:28.40,30.2 1 0
dall06/go-cleanapi/utils/logger_mock.go:32.63,37.2 4 0
dall06/go-cleanapi/utils/logger_mock.go:39.63,44.2 4 0
dall06/go-cleanapi/utils/logger_mock.go:46.64,51.2 4 0
dall06/go-cleanapi/utils/uuid.go:17.30,19.2 1 0
dall06/go-cleanapi/utils/uuid.go:21.38,23.2 1 0
dall06/go-cleanapi/utils/uuid.go:25.39,27.2 1 0
dall06/go-cleanapi/utils/uuid_mock.go:12.25,14.2 1 1
dall06/go-cleanapi/utils/uuid_mock.go:16.40,18.2 1 0
dall06/go-cleanapi/utils/uuid_mock.go:20.39,22.2 1 1
dall06/go-cleanapi/utils/validations.go:22.35,24.2 1 0
dall06/go-cleanapi/utils/validations.go:26.48,31.2 3 0
dall06/go-cleanapi/utils/validations.go:33.48,38.2 3 0
dall06/go-cleanapi/config/config.go:72.43,77.2 1 1
dall06/go-cleanapi/config/config.go:79.45,80.18 1 1
dall06/go-cleanapi/config/config.go:80.18,82.3 1 0
dall06/go-cleanapi/config/config.go:83.2,83.21 1 1
dall06/go-cleanapi/config/config.go:83.21,85.3 1 0
dall06/go-cleanapi/config/config.go:87.2,87.36 1 1
dall06/go-cleanapi/config/config.go:87.36,89.3 1 0
dall06/go-cleanapi/config/config.go:91.2,97.16 5 1
dall06/go-cleanapi/config/config.go:97.16,99.3 1 0
dall06/go-cleanapi/config/config.go:100.2,113.21 11 1
dall06/go-cleanapi/config/config.go:116.34,118.16 2 1
dall06/go-cleanapi/config/config.go:118.16,120.3 1 0
dall06/go-cleanapi/config/config.go:121.2,126.16 4 1
dall06/go-cleanapi/config/config.go:126.16,128.3 1 0
dall06/go-cleanapi/config/config.go:130.2,130.12 1 1
dall06/go-cleanapi/config/config.go:133.51,135.16 2 1
dall06/go-cleanapi/config/config.go:135.16,137.3 1 0
dall06/go-cleanapi/config/config.go:139.2,139.77 1 1
dall06/go-cleanapi/config/config.go:139.77,141.17 2 1
dall06/go-cleanapi/config/config.go:141.17,143.4 1 1
dall06/go-cleanapi/config/config.go:145.3,145.26 1 1
dall06/go-cleanapi/config/config.go:145.26,147.4 1 0
dall06/go-cleanapi/config/config.go:150.2,150.64 1 0
dall06/go-cleanapi/config/config.go:153.45,156.16 3 1
dall06/go-cleanapi/config/config.go:156.16,158.3 1 0
dall06/go-cleanapi/config/config.go:161.2,164.20 4 1
dall06/go-cleanapi/utils/jwt.go:42.32,46.2 1 1
dall06/go-cleanapi/utils/jwt.go:48.59,49.14 1 1
dall06/go-cleanapi/utils/jwt.go:49.14,51.3 1 1
dall06/go-cleanapi/utils/jwt.go:53.2,67.16 6 1
dall06/go-cleanapi/utils/jwt.go:67.16,69.3 1 0
dall06/go-cleanapi/utils/jwt.go:71.2,71.25 1 1
dall06/go-cleanapi/utils/jwt.go:74.66,75.24 1 1
dall06/go-cleanapi/utils/jwt.go:75.24,77.3 1 1
dall06/go-cleanapi/utils/jwt.go:79.2,80.102 2 1
dall06/go-cleanapi/utils/jwt.go:80.102,83.3 1 1
dall06/go-cleanapi/utils/jwt.go:84.2,84.16 1 1
dall06/go-cleanapi/utils/jwt.go:84.16,86.3 1 0
dall06/go-cleanapi/utils/jwt.go:88.2,88.18 1 1
dall06/go-cleanapi/utils/jwt.go:88.18,90.3 1 0
dall06/go-cleanapi/utils/jwt.go:92.2,92.18 1 1
dall06/go-cleanapi/utils/jwt.go:95.49,98.18 2 1
dall06/go-cleanapi/utils/jwt.go:98.18,100.3 1 0
dall06/go-cleanapi/utils/jwt.go:102.2,119.16 7 1
dall06/go-cleanapi/utils/jwt.go:119.16,121.3 1 0
dall06/go-cleanapi/utils/jwt.go:123.2,123.25 1 1
dall06/go-cleanapi/utils/jwt.go:126.65,128.22 2 1
dall06/go-cleanapi/utils/jwt.go:128.22,130.3 1 0
dall06/go-cleanapi/utils/jwt.go:132.2,132.24 1 1
dall06/go-cleanapi/utils/jwt.go:132.24,134.3 1 1
dall06/go-cleanapi/utils/jwt.go:136.2,137.102 2 0
dall06/go-cleanapi/utils/jwt.go:137.102,141.3 1 0
dall06/go-cleanapi/utils/jwt.go:142.2,142.16 1 0
dall06/go-cleanapi/utils/jwt.go:142.16,144.3 1 0
dall06/go-cleanapi/utils/jwt.go:146.2,146.18 1 0
dall06/go-cleanapi/utils/jwt.go:146.18,148.3 1 0
dall06/go-cleanapi/utils/jwt.go:150.2,154.9 4 0
dall06/go-cleanapi/utils/jwt.go:154.9,156.3 1 0
dall06/go-cleanapi/utils/jwt.go:157.2,159.33 2 0
dall06/go-cleanapi/utils/jwt.go:159.33,161.3 1 0
dall06/go-cleanapi/utils/jwt.go:163.2,163.18 1 0
dall06/go-cleanapi/utils/jwt_mock.go:10.23,12.2 1 0
dall06/go-cleanapi/utils/jwt_mock.go:14.61,16.2 1 0
dall06/go-cleanapi/utils/jwt_mock.go:18.56,20.2 1 0
dall06/go-cleanapi/utils/jwt_mock.go:22.50,24.2 1 0
dall06/go-cleanapi/utils/jwt_mock.go:26.55,28.2 1 0
dall06/go-cleanapi/utils/logger.go:31.38,36.2 1 1
dall06/go-cleanapi/utils/logger.go:38.36,44.86 5 1
dall06/go-cleanapi/utils/logger.go:44.86,46.17 2 1
dall06/go-cleanapi/utils/logger.go:46.17,48.4 1 0
dall06/go-cleanapi/utils/logger.go:50.3,63.17 4 1
dall06/go-cleanapi/utils/logger.go:63.17,65.4 1 0
dall06/go-cleanapi/utils/logger.go:67.3,71.28 3 1
dall06/go-cleanapi/utils/logger.go:74.2,74.24 1 1
dall06/go-cleanapi/utils/logger.go:74.24,76.3 1 0
dall06/go-cleanapi/utils/logger.go:78.2,78.12 1 1
dall06/go-cleanapi/utils/logger.go:81.59,83.2 1 1
dall06/go-cleanapi/utils/logger.go:85.59,87.2 1 1
dall06/go-cleanapi/utils/logger.go:89.60,91.2 1 1
dall06/go-cleanapi/utils/logger.go:93.76,96.54 3 1
dall06/go-cleanapi/utils/logger.go:96.54,98.3 1 0
dall06/go-cleanapi/utils/logger.go:99.2,99.54 1 1
dall06/go-cleanapi/utils/logger_mock.go:24.29,26.2 1 0
dall06/go-cleanapi/utils/logger_mock.go:28.40,30.2 1 0
dall06/go-cleanapi/utils/logger_mock.go:32.63,37.2 4 0
dall06/go-cleanapi/utils/logger_mock.go:39.63,44.2 4 0
dall06/go-cleanapi/utils/logger_mock.go:46.64,51.2 4 0
dall06/go-cleanapi/utils/uuid.go:17.30,19.2 1 1
dall06/go-cleanapi/utils/uuid.go:21.38,23.2 1 1
dall06/go-cleanapi/utils/uuid.go:25.39,27.2 1 1
dall06/go-cleanapi/utils/uuid_mock.go:12.25,14.2 1 0
dall06/go-cleanapi/utils/uuid_mock.go:16.40,18.2 1 0
dall06/go-cleanapi/utils/uuid_mock.go:20.39,22.2 1 0
dall06/go-cleanapi/utils/validations.go:22.35,24.2 1 1
dall06/go-cleanapi/utils/validations.go:26.48,31.2 3 1
dall06/go-cleanapi/utils/validations.go:33.48,38.2 3 1
